<?xml version="1.0" encoding="UTF-8"?>
<!-- Generated by org.testng.reporters.JUnitXMLReporter -->
<testsuite hostname="SYNPUNDT-H23P4BS" name="SampleTest" tests="1" failures="1" timestamp="5 Apr 2018 14:25:49 GMT" time="55.15" errors="0">
  <testcase name="DemoTest1" time="55.069" classname="com.mycompany.test.Demo">
    <failure type="org.openqa.selenium.WebDriverException" message="Unable to connect to host 127.0.0.1 on port 7055 after 45000 ms. Firefox console output:
,&amp;quot;visible&amp;quot;:true,&amp;quot;active&amp;quot;:true,&amp;quot;userDisabled&amp;quot;:false,&amp;quot;appDisabled&amp;quot;:false,&amp;quot;descriptor&amp;quot;:&amp;quot;C:\\Program Files\\Mozilla Firefox\\browser\\extensions\\{972ce4c6-7e08-4474-a285-3208198ce6fd}.xpi&amp;quot;,&amp;quot;installDate&amp;quot;:1495096352000,&amp;quot;updateDate&amp;quot;:1495096352000,&amp;quot;applyBackgroundUpdates&amp;quot;:1,&amp;quot;skinnable&amp;quot;:true,&amp;quot;size&amp;quot;:8207,&amp;quot;sourceURI&amp;quot;:null,&amp;quot;releaseNotesURI&amp;quot;:null,&amp;quot;softDisabled&amp;quot;:false,&amp;quot;foreignInstall&amp;quot;:false,&amp;quot;hasBinaryComponents&amp;quot;:false,&amp;quot;strictCompatibility&amp;quot;:true,&amp;quot;locales&amp;quot;:[],&amp;quot;targetApplications&amp;quot;:[{&amp;quot;id&amp;quot;:&amp;quot;{ec8030f7-c20a-464f-9b0e-13a3a9e97384}&amp;quot;,&amp;quot;minVersion&amp;quot;:&amp;quot;53.0.3&amp;quot;,&amp;quot;maxVersion&amp;quot;:&amp;quot;53.0.3&amp;quot;}],&amp;quot;targetPlatforms&amp;quot;:[],&amp;quot;seen&amp;quot;:true,&amp;quot;dependencies&amp;quot;:[],&amp;quot;hasEmbeddedWebExtension&amp;quot;:false,&amp;quot;userPermissions&amp;quot;:null}
1522938303571	addons.xpi	DEBUG	getModTime: Recursive scan of {972ce4c6-7e08-4474-a285-3208198ce6fd}
1522938303573	DeferredSave.extensions.json	DEBUG	Save changes
1522938303573	addons.xpi	DEBUG	Updating database with changes to installed add-ons
1522938303584	addons.xpi-utils	DEBUG	Updating add-on states
1522938303588	addons.xpi-utils	DEBUG	Writing add-ons list
1522938303604	addons.xpi	DEBUG	Registering manifest for C:\Program Files\Mozilla Firefox\browser\features\aushelper@mozilla.org.xpi
1522938303605	addons.xpi	DEBUG	Calling bootstrap method startup on aushelper@mozilla.org version 2.0
1522938303608	addons.xpi	DEBUG	Registering manifest for C:\Program Files\Mozilla Firefox\browser\features\e10srollout@mozilla.org.xpi
1522938303610	addons.xpi	DEBUG	Calling bootstrap method startup on e10srollout@mozilla.org version 1.14
1522938303612	addons.xpi	DEBUG	Registering manifest for C:\Program Files\Mozilla Firefox\browser\features\firefox@getpocket.com.xpi
1522938303613	addons.xpi	DEBUG	Calling bootstrap method startup on firefox@getpocket.com version 1.0.5
1522938303615	addons.xpi	DEBUG	Registering manifest for C:\Program Files\Mozilla Firefox\browser\features\webcompat@mozilla.org.xpi
1522938303617	addons.xpi	DEBUG	Calling bootstrap method startup on webcompat@mozilla.org version 1.0
1522938303621	addons.manager	DEBUG	Registering shutdown blocker for XPIProvider
1522938303622	addons.manager	DEBUG	Provider finished startup: XPIProvider
1522938303622	addons.manager	DEBUG	Starting provider: LightweightThemeManager
1522938303622	addons.manager	DEBUG	Registering shutdown blocker for LightweightThemeManager
1522938303623	addons.manager	DEBUG	Provider finished startup: LightweightThemeManager
1522938303623	addons.manager	DEBUG	Starting provider: GMPProvider
1522938303645	addons.manager	DEBUG	Registering shutdown blocker for GMPProvider
1522938303646	addons.manager	DEBUG	Provider finished startup: GMPProvider
1522938303646	addons.manager	DEBUG	Starting provider: PluginProvider
1522938303646	addons.manager	DEBUG	Registering shutdown blocker for PluginProvider
1522938303647	addons.manager	DEBUG	Provider finished startup: PluginProvider
1522938303647	addons.manager	DEBUG	Completed startup sequence
1522938306516	addons.manager	DEBUG	Starting provider: &amp;lt;unnamed-provider&amp;gt;
1522938306517	addons.manager	DEBUG	Registering shutdown blocker for &amp;lt;unnamed-provider&amp;gt;
1522938306518	addons.manager	DEBUG	Provider finished startup: &amp;lt;unnamed-provider&amp;gt;
1522938306916	DeferredSave.extensions.json	DEBUG	Write succeeded
1522938306916	addons.xpi-utils	DEBUG	XPI Database saved, setting schema version preference to 19
1522938306917	DeferredSave.extensions.json	DEBUG	Starting timer
1522938306940	DeferredSave.extensions.json	DEBUG	Starting write
1522938306967	addons.repository	DEBUG	No addons.json found.
1522938306968	DeferredSave.addons.json	DEBUG	Save changes
1522938306996	DeferredSave.addons.json	DEBUG	Starting timer
1522938307222	addons.manager	DEBUG	Starting provider: PreviousExperimentProvider
1522938307223	addons.manager	DEBUG	Registering shutdown blocker for PreviousExperimentProvider
1522938307223	addons.manager	DEBUG	Provider finished startup: PreviousExperimentProvider
1522938307229	DeferredSave.addons.json	DEBUG	Starting write
1522938307248	DeferredSave.extensions.json	DEBUG	Write succeeded
1522938307333	DeferredSave.addons.json	DEBUG	Write succeeded

Command duration or timeout: 49.71 seconds
Build info: version: &amp;apos;2.53.1&amp;apos;, revision: &amp;apos;a36b8b1cd5757287168e54b817830adce9b0158d&amp;apos;, time: &amp;apos;2016-06-30 19:26:09&amp;apos;
System info: host: &amp;apos;SYNPUNDT-H23P4BS&amp;apos;, ip: &amp;apos;172.20.202.82&amp;apos;, os.name: &amp;apos;Windows 7&amp;apos;, os.arch: &amp;apos;amd64&amp;apos;, os.version: &amp;apos;6.1&amp;apos;, java.version: &amp;apos;1.8.0_91&amp;apos;
Driver info: org.openqa.selenium.remote.RemoteWebDriver">
      <![CDATA[org.openqa.selenium.WebDriverException: Unable to connect to host 127.0.0.1 on port 7055 after 45000 ms. Firefox console output:
,"visible":true,"active":true,"userDisabled":false,"appDisabled":false,"descriptor":"C:\\Program Files\\Mozilla Firefox\\browser\\extensions\\{972ce4c6-7e08-4474-a285-3208198ce6fd}.xpi","installDate":1495096352000,"updateDate":1495096352000,"applyBackgroundUpdates":1,"skinnable":true,"size":8207,"sourceURI":null,"releaseNotesURI":null,"softDisabled":false,"foreignInstall":false,"hasBinaryComponents":false,"strictCompatibility":true,"locales":[],"targetApplications":[{"id":"{ec8030f7-c20a-464f-9b0e-13a3a9e97384}","minVersion":"53.0.3","maxVersion":"53.0.3"}],"targetPlatforms":[],"seen":true,"dependencies":[],"hasEmbeddedWebExtension":false,"userPermissions":null}
1522938303571	addons.xpi	DEBUG	getModTime: Recursive scan of {972ce4c6-7e08-4474-a285-3208198ce6fd}
1522938303573	DeferredSave.extensions.json	DEBUG	Save changes
1522938303573	addons.xpi	DEBUG	Updating database with changes to installed add-ons
1522938303584	addons.xpi-utils	DEBUG	Updating add-on states
1522938303588	addons.xpi-utils	DEBUG	Writing add-ons list
1522938303604	addons.xpi	DEBUG	Registering manifest for C:\Program Files\Mozilla Firefox\browser\features\aushelper@mozilla.org.xpi
1522938303605	addons.xpi	DEBUG	Calling bootstrap method startup on aushelper@mozilla.org version 2.0
1522938303608	addons.xpi	DEBUG	Registering manifest for C:\Program Files\Mozilla Firefox\browser\features\e10srollout@mozilla.org.xpi
1522938303610	addons.xpi	DEBUG	Calling bootstrap method startup on e10srollout@mozilla.org version 1.14
1522938303612	addons.xpi	DEBUG	Registering manifest for C:\Program Files\Mozilla Firefox\browser\features\firefox@getpocket.com.xpi
1522938303613	addons.xpi	DEBUG	Calling bootstrap method startup on firefox@getpocket.com version 1.0.5
1522938303615	addons.xpi	DEBUG	Registering manifest for C:\Program Files\Mozilla Firefox\browser\features\webcompat@mozilla.org.xpi
1522938303617	addons.xpi	DEBUG	Calling bootstrap method startup on webcompat@mozilla.org version 1.0
1522938303621	addons.manager	DEBUG	Registering shutdown blocker for XPIProvider
1522938303622	addons.manager	DEBUG	Provider finished startup: XPIProvider
1522938303622	addons.manager	DEBUG	Starting provider: LightweightThemeManager
1522938303622	addons.manager	DEBUG	Registering shutdown blocker for LightweightThemeManager
1522938303623	addons.manager	DEBUG	Provider finished startup: LightweightThemeManager
1522938303623	addons.manager	DEBUG	Starting provider: GMPProvider
1522938303645	addons.manager	DEBUG	Registering shutdown blocker for GMPProvider
1522938303646	addons.manager	DEBUG	Provider finished startup: GMPProvider
1522938303646	addons.manager	DEBUG	Starting provider: PluginProvider
1522938303646	addons.manager	DEBUG	Registering shutdown blocker for PluginProvider
1522938303647	addons.manager	DEBUG	Provider finished startup: PluginProvider
1522938303647	addons.manager	DEBUG	Completed startup sequence
1522938306516	addons.manager	DEBUG	Starting provider: <unnamed-provider>
1522938306517	addons.manager	DEBUG	Registering shutdown blocker for <unnamed-provider>
1522938306518	addons.manager	DEBUG	Provider finished startup: <unnamed-provider>
1522938306916	DeferredSave.extensions.json	DEBUG	Write succeeded
1522938306916	addons.xpi-utils	DEBUG	XPI Database saved, setting schema version preference to 19
1522938306917	DeferredSave.extensions.json	DEBUG	Starting timer
1522938306940	DeferredSave.extensions.json	DEBUG	Starting write
1522938306967	addons.repository	DEBUG	No addons.json found.
1522938306968	DeferredSave.addons.json	DEBUG	Save changes
1522938306996	DeferredSave.addons.json	DEBUG	Starting timer
1522938307222	addons.manager	DEBUG	Starting provider: PreviousExperimentProvider
1522938307223	addons.manager	DEBUG	Registering shutdown blocker for PreviousExperimentProvider
1522938307223	addons.manager	DEBUG	Provider finished startup: PreviousExperimentProvider
1522938307229	DeferredSave.addons.json	DEBUG	Starting write
1522938307248	DeferredSave.extensions.json	DEBUG	Write succeeded
1522938307333	DeferredSave.addons.json	DEBUG	Write succeeded

Command duration or timeout: 49.71 seconds
Build info: version: '2.53.1', revision: 'a36b8b1cd5757287168e54b817830adce9b0158d', time: '2016-06-30 19:26:09'
System info: host: 'SYNPUNDT-H23P4BS', ip: '172.20.202.82', os.name: 'Windows 7', os.arch: 'amd64', os.version: '6.1', java.version: '1.8.0_91'
Driver info: org.openqa.selenium.remote.RemoteWebDriver
	at org.openqa.selenium.remote.ErrorHandler.createThrowable(ErrorHandler.java:206)
	at org.openqa.selenium.remote.ErrorHandler.throwIfResponseFailed(ErrorHandler.java:158)
	at org.openqa.selenium.remote.RemoteWebDriver.execute(RemoteWebDriver.java:678)
	at org.openqa.selenium.remote.RemoteWebDriver.startSession(RemoteWebDriver.java:249)
	at org.openqa.selenium.remote.RemoteWebDriver.<init>(RemoteWebDriver.java:131)
	at org.openqa.selenium.remote.RemoteWebDriver.<init>(RemoteWebDriver.java:158)
	at com.paypal.selion.internal.platform.grid.browsercapabilities.WebDriverFactory.createDriverInstance(WebDriverFactory.java:108)
	at com.paypal.selion.internal.platform.grid.browsercapabilities.WebDriverFactory.createInstance(WebDriverFactory.java:93)
	at com.paypal.selion.internal.platform.grid.WebTestSession.createSession(WebTestSession.java:147)
	at com.paypal.selion.internal.platform.grid.WebTestSession.startSession(WebTestSession.java:163)
	at com.paypal.selion.platform.grid.Grid.driver(Grid.java:107)
	at com.mycompany.test.Demo.DemoTest1(Demo.java:21)
	at java.util.concurrent.ThreadPoolExecutor.runWorker(Unknown Source)
	at java.util.concurrent.ThreadPoolExecutor$Worker.run(Unknown Source)
	at java.lang.Thread.run(Unknown Source)
Caused by: org.openqa.selenium.remote.ErrorHandler$UnknownServerException: Unable to connect to host 127.0.0.1 on port 7055 after 45000 ms. Firefox console output:
,"visible":true,"active":true,"userDisabled":false,"appDisabled":false,"descriptor":"C:\\Program Files\\Mozilla Firefox\\browser\\extensions\\{972ce4c6-7e08-4474-a285-3208198ce6fd}.xpi","installDate":1495096352000,"updateDate":1495096352000,"applyBackgroundUpdates":1,"skinnable":true,"size":8207,"sourceURI":null,"releaseNotesURI":null,"softDisabled":false,"foreignInstall":false,"hasBinaryComponents":false,"strictCompatibility":true,"locales":[],"targetApplications":[{"id":"{ec8030f7-c20a-464f-9b0e-13a3a9e97384}","minVersion":"53.0.3","maxVersion":"53.0.3"}],"targetPlatforms":[],"seen":true,"dependencies":[],"hasEmbeddedWebExtension":false,"userPermissions":null}
1522938303571	addons.xpi	DEBUG	getModTime: Recursive scan of {972ce4c6-7e08-4474-a285-3208198ce6fd}
1522938303573	DeferredSave.extensions.json	DEBUG	Save changes
1522938303573	addons.xpi	DEBUG	Updating database with changes to installed add-ons
1522938303584	addons.xpi-utils	DEBUG	Updating add-on states
1522938303588	addons.xpi-utils	DEBUG	Writing add-ons list
1522938303604	addons.xpi	DEBUG	Registering manifest for C:\Program Files\Mozilla Firefox\browser\features\aushelper@mozilla.org.xpi
1522938303605	addons.xpi	DEBUG	Calling bootstrap method startup on aushelper@mozilla.org version 2.0
1522938303608	addons.xpi	DEBUG	Registering manifest for C:\Program Files\Mozilla Firefox\browser\features\e10srollout@mozilla.org.xpi
1522938303610	addons.xpi	DEBUG	Calling bootstrap method startup on e10srollout@mozilla.org version 1.14
1522938303612	addons.xpi	DEBUG	Registering manifest for C:\Program Files\Mozilla Firefox\browser\features\firefox@getpocket.com.xpi
1522938303613	addons.xpi	DEBUG	Calling bootstrap method startup on firefox@getpocket.com version 1.0.5
1522938303615	addons.xpi	DEBUG	Registering manifest for C:\Program Files\Mozilla Firefox\browser\features\webcompat@mozilla.org.xpi
1522938303617	addons.xpi	DEBUG	Calling bootstrap method startup on webcompat@mozilla.org version 1.0
1522938303621	addons.manager	DEBUG	Registering shutdown blocker for XPIProvider
1522938303622	addons.manager	DEBUG	Provider finished startup: XPIProvider
1522938303622	addons.manager	DEBUG	Starting provider: LightweightThemeManager
1522938303622	addons.manager	DEBUG	Registering shutdown blocker for LightweightThemeManager
1522938303623	addons.manager	DEBUG	Provider finished startup: LightweightThemeManager
1522938303623	addons.manager	DEBUG	Starting provider: GMPProvider
1522938303645	addons.manager	DEBUG	Registering shutdown blocker for GMPProvider
1522938303646	addons.manager	DEBUG	Provider finished startup: GMPProvider
1522938303646	addons.manager	DEBUG	Starting provider: PluginProvider
1522938303646	addons.manager	DEBUG	Registering shutdown blocker for PluginProvider
1522938303647	addons.manager	DEBUG	Provider finished startup: PluginProvider
1522938303647	addons.manager	DEBUG	Completed startup sequence
1522938306516	addons.manager	DEBUG	Starting provider: <unnamed-provider>
1522938306517	addons.manager	DEBUG	Registering shutdown blocker for <unnamed-provider>
1522938306518	addons.manager	DEBUG	Provider finished startup: <unnamed-provider>
1522938306916	DeferredSave.extensions.json	DEBUG	Write succeeded
1522938306916	addons.xpi-utils	DEBUG	XPI Database saved, setting schema version preference to 19
1522938306917	DeferredSave.extensions.json	DEBUG	Starting timer
1522938306940	DeferredSave.extensions.json	DEBUG	Starting write
1522938306967	addons.repository	DEBUG	No addons.json found.
1522938306968	DeferredSave.addons.json	DEBUG	Save changes
1522938306996	DeferredSave.addons.json	DEBUG	Starting timer
1522938307222	addons.manager	DEBUG	Starting provider: PreviousExperimentProvider
1522938307223	addons.manager	DEBUG	Registering shutdown blocker for PreviousExperimentProvider
1522938307223	addons.manager	DEBUG	Provider finished startup: PreviousExperimentProvider
1522938307229	DeferredSave.addons.json	DEBUG	Starting write
1522938307248	DeferredSave.extensions.json	DEBUG	Write succeeded
1522938307333	DeferredSave.addons.json	DEBUG	Write succeeded

Build info: version: '2.53.1', revision: 'a36b8b1cd5757287168e54b817830adce9b0158d', time: '2016-06-30 19:26:09'
System info: host: 'SYNPUNDT-H23P4BS', ip: '172.20.202.82', os.name: 'Windows 7', os.arch: 'amd64', os.version: '6.1', java.version: '1.8.0_91'
Driver info: driver.version: FirefoxDriver
	at org.openqa.selenium.firefox.internal.NewProfileExtensionConnection.start(NewProfileExtensionConnection.java:113)
	at org.openqa.selenium.firefox.FirefoxDriver.startClient(FirefoxDriver.java:271)
	at org.openqa.selenium.remote.RemoteWebDriver.<init>(RemoteWebDriver.java:119)
	at org.openqa.selenium.firefox.FirefoxDriver.<init>(FirefoxDriver.java:216)
	at org.openqa.selenium.firefox.FirefoxDriver.<init>(FirefoxDriver.java:211)
	at org.openqa.selenium.firefox.FirefoxDriver.<init>(FirefoxDriver.java:128)
	at org.openqa.selenium.remote.server.FirefoxDriverProvider.callConstructor(FirefoxDriverProvider.java:91)
	at org.openqa.selenium.remote.server.FirefoxDriverProvider.newInstance(FirefoxDriverProvider.java:68)
	at org.openqa.selenium.remote.server.DefaultDriverFactory.newInstance(DefaultDriverFactory.java:60)
	at org.openqa.selenium.remote.server.DefaultSession$BrowserCreator.call(DefaultSession.java:222)
	at org.openqa.selenium.remote.server.DefaultSession$BrowserCreator.call(DefaultSession.java:209)
	at java.util.concurrent.FutureTask.run(Unknown Source)
	at org.openqa.selenium.remote.server.DefaultSession$1.run(DefaultSession.java:176)
	... 3 more
... Removed 18 stack frames]]>
    </failure>
  </testcase> <!-- DemoTest1 -->
</testsuite> <!-- SampleTest -->
